# JRE version: OpenJDK Runtime Environment (21.0.2+13) (build 21.0.2+13-58)
# Java VM: OpenJDK 64-Bit Server VM (21.0.2+13-58, mixed mode, sharing, tiered, compressed oops, compressed class ptrs, g1 gc, windows-amd64)
GC Precious Log:
 CardTable entry size: 512
 Card Set container configuration: InlinePtr #cards 5 size 8 Array Of Cards #cards 12 size 40 Howl #buckets 4 coarsen threshold 1843 Howl Bitmap #cards 512 size 80 coarsen threshold 460 Card regions per heap region 1 cards per card region 2048
 CPUs: 2 total, 2 available
 Memory: 3920M
 Large Page Support: Disabled
 NUMA Support: Disabled
 Compressed Oops: Enabled (32-bit)
 Heap Region Size: 1M
 Heap Min Capacity: 8M
 Heap Initial Capacity: 62M
 Heap Max Capacity: 980M
 Pre-touch: Disabled
 Parallel Workers: 2
 Concurrent Workers: 1
 Concurrent Refinement Workers: 2
 Periodic GC: Disabled
Heap:
 garbage-first heap   total 48128K, used 41640K [0x00000000c2c00000, 0x0000000100000000)
  region size 1024K, 16 young (16384K), 2 survivors (2048K)
 Metaspace       used 66426K, committed 67136K, reserved 1114112K
  class space    used 8819K, committed 9152K, reserved 1048576K
GC Heap History (20 events):
Event: 6.772 GC heap before
{Heap before GC invocations=6 (full 0):
 garbage-first heap   total 48128K, used 37870K [0x00000000c2c00000, 0x0000000100000000)
  region size 1024K, 28 young (28672K), 3 survivors (3072K)
 Metaspace       used 23972K, committed 24320K, reserved 1114112K
  class space    used 2854K, committed 3008K, reserved 1048576K
}
Event: 6.784 GC heap after
{Heap after GC invocations=7 (full 0):
 garbage-first heap   total 48128K, used 14149K [0x00000000c2c00000, 0x0000000100000000)
  region size 1024K, 2 young (2048K), 2 survivors (2048K)
 Metaspace       used 23972K, committed 24320K, reserved 1114112K
  class space    used 2854K, committed 3008K, reserved 1048576K
}
Event: 8.468 GC heap before
{Heap before GC invocations=7 (full 0):
 garbage-first heap   total 48128K, used 38725K [0x00000000c2c00000, 0x0000000100000000)
  region size 1024K, 26 young (26624K), 2 survivors (2048K)
 Metaspace       used 28561K, committed 28992K, reserved 1114112K
  class space    used 3514K, committed 3712K, reserved 1048576K
}
Event: 8.483 GC heap after
{Heap after GC invocations=8 (full 0):
 garbage-first heap   total 48128K, used 16879K [0x00000000c2c00000, 0x0000000100000000)
  region size 1024K, 4 young (4096K), 4 survivors (4096K)
 Metaspace       used 28561K, committed 28992K, reserved 1114112K
  class space    used 3514K, committed 3712K, reserved 1048576K
}
Event: 10.528 GC heap before
{Heap before GC invocations=8 (full 0):
 garbage-first heap   total 48128K, used 38383K [0x00000000c2c00000, 0x0000000100000000)
  region size 1024K, 26 young (26624K), 4 survivors (4096K)
 Metaspace       used 31850K, committed 32384K, reserved 1114112K
  class space    used 3952K, committed 4224K, reserved 1048576K
}
Event: 10.545 GC heap after
{Heap after GC invocations=9 (full 0):
 garbage-first heap   total 48128K, used 19047K [0x00000000c2c00000, 0x0000000100000000)
  region size 1024K, 2 young (2048K), 2 survivors (2048K)
 Metaspace       used 31850K, committed 32384K, reserved 1114112K
  class space    used 3952K, committed 4224K, reserved 1048576K
}
Event: 11.875 GC heap before
{Heap before GC invocations=9 (full 0):
 garbage-first heap   total 48128K, used 32359K [0x00000000c2c00000, 0x0000000100000000)
  region size 1024K, 17 young (17408K), 2 survivors (2048K)
 Metaspace       used 35389K, committed 35968K, reserved 1114112K
  class space    used 4441K, committed 4736K, reserved 1048576K
}
Event: 11.883 GC heap after
{Heap after GC invocations=10 (full 0):
 garbage-first heap   total 48128K, used 19954K [0x00000000c2c00000, 0x0000000100000000)
  region size 1024K, 1 young (1024K), 1 survivors (1024K)
 Metaspace       used 35389K, committed 35968K, reserved 1114112K
  class space    used 4441K, committed 4736K, reserved 1048576K
}
Event: 13.746 GC heap before
{Heap before GC invocations=11 (full 0):
 garbage-first heap   total 48128K, used 40434K [0x00000000c2c00000, 0x0000000100000000)
  region size 1024K, 22 young (22528K), 1 survivors (1024K)
 Metaspace       used 41567K, committed 42112K, reserved 1114112K
  class space    used 5360K, committed 5568K, reserved 1048576K
}
Event: 13.753 GC heap after
{Heap after GC invocations=12 (full 0):
 garbage-first heap   total 48128K, used 21896K [0x00000000c2c00000, 0x0000000100000000)
  region size 1024K, 3 young (3072K), 3 survivors (3072K)
 Metaspace       used 41567K, committed 42112K, reserved 1114112K
  class space    used 5360K, committed 5568K, reserved 1048576K
}
Event: 16.514 GC heap before
{Heap before GC invocations=12 (full 0):
 garbage-first heap   total 48128K, used 41352K [0x00000000c2c00000, 0x0000000100000000)
  region size 1024K, 22 young (22528K), 3 survivors (3072K)
 Metaspace       used 49967K, committed 50560K, reserved 1114112K
  class space    used 6374K, committed 6656K, reserved 1048576K
}
Event: 16.526 GC heap after
{Heap after GC invocations=13 (full 0):
 garbage-first heap   total 48128K, used 23363K [0x00000000c2c00000, 0x0000000100000000)
  region size 1024K, 2 young (2048K), 2 survivors (2048K)
 Metaspace       used 49967K, committed 50560K, reserved 1114112K
  class space    used 6374K, committed 6656K, reserved 1048576K
}
Event: 17.812 GC heap before
{Heap before GC invocations=13 (full 0):
 garbage-first heap   total 48128K, used 40771K [0x00000000c2c00000, 0x0000000100000000)
  region size 1024K, 20 young (20480K), 2 survivors (2048K)
 Metaspace       used 56058K, committed 56640K, reserved 1114112K
  class space    used 7285K, committed 7552K, reserved 1048576K
}
Event: 17.826 GC heap after
{Heap after GC invocations=14 (full 0):
 garbage-first heap   total 48128K, used 24491K [0x00000000c2c00000, 0x0000000100000000)
  region size 1024K, 1 young (1024K), 1 survivors (1024K)
 Metaspace       used 56058K, committed 56640K, reserved 1114112K
  class space    used 7285K, committed 7552K, reserved 1048576K
}
Event: 18.561 GC heap before
{Heap before GC invocations=14 (full 0):
 garbage-first heap   total 48128K, used 35755K [0x00000000c2c00000, 0x0000000100000000)
  region size 1024K, 13 young (13312K), 1 survivors (1024K)
 Metaspace       used 59454K, committed 60096K, reserved 1114112K
  class space    used 7834K, committed 8128K, reserved 1048576K
}
Event: 18.566 GC heap after
{Heap after GC invocations=15 (full 0):
 garbage-first heap   total 48128K, used 24879K [0x00000000c2c00000, 0x0000000100000000)
  region size 1024K, 2 young (2048K), 2 survivors (2048K)
 Metaspace       used 59454K, committed 60096K, reserved 1114112K
  class space    used 7834K, committed 8128K, reserved 1048576K
}
Event: 20.370 GC heap before
{Heap before GC invocations=16 (full 0):
 garbage-first heap   total 48128K, used 42287K [0x00000000c2c00000, 0x0000000100000000)
  region size 1024K, 19 young (19456K), 2 survivors (2048K)
 Metaspace       used 62823K, committed 63424K, reserved 1114112K
  class space    used 8310K, committed 8576K, reserved 1048576K
}
Event: 20.385 GC heap after
{Heap after GC invocations=17 (full 0):
 garbage-first heap   total 48128K, used 26557K [0x00000000c2c00000, 0x0000000100000000)
  region size 1024K, 3 young (3072K), 3 survivors (3072K)
 Metaspace       used 62823K, committed 63424K, reserved 1114112K
  class space    used 8310K, committed 8576K, reserved 1048576K
}
Event: 22.579 GC heap before
{Heap before GC invocations=17 (full 0):
 garbage-first heap   total 48128K, used 41917K [0x00000000c2c00000, 0x0000000100000000)
  region size 1024K, 18 young (18432K), 3 survivors (3072K)
 Metaspace       used 64605K, committed 65280K, reserved 1114112K
  class space    used 8563K, committed 8832K, reserved 1048576K
}
Event: 22.596 GC heap after
{Heap after GC invocations=18 (full 0):
 garbage-first heap   total 48128K, used 28328K [0x00000000c2c00000, 0x0000000100000000)
  region size 1024K, 2 young (2048K), 2 survivors (2048K)
 Metaspace       used 64605K, committed 65280K, reserved 1114112K
  class space    used 8563K, committed 8832K, reserved 1048576K
}

