# JRE version: OpenJDK Runtime Environment Temurin-17.0.11+9 (17.0.11+9) (build 17.0.11+9)
# Java VM: OpenJDK 64-Bit Server VM Temurin-17.0.11+9 (17.0.11+9, mixed mode, emulated-client, tiered, compressed oops, compressed class ptrs, g1 gc, windows-amd64)
GC Precious Log:
 CPUs: 2 total, 2 available
 Memory: 3920M
 Large Page Support: Disabled
 NUMA Support: Disabled
 Compressed Oops: Enabled (32-bit)
 Heap Region Size: 1M
 Heap Min Capacity: 8M
 Heap Initial Capacity: 62M
 Heap Max Capacity: 1G
 Pre-touch: Disabled
 Parallel Workers: 2
 Concurrent Workers: 1
 Concurrent Refinement Workers: 2
 Periodic GC: Disabled
Heap:
 garbage-first heap   total 86016K, used 36672K [0x00000000c0000000, 0x0000000100000000)
  region size 1024K, 1 young (1024K), 0 survivors (0K)
 Metaspace       used 58891K, committed 59392K, reserved 1114112K
  class space    used 7339K, committed 7552K, reserved 1048576K
GC Heap History (20 events):
Event: 328.342 GC heap before
{Heap before GC invocations=33 (full 19):
 garbage-first heap   total 86016K, used 63441K [0x00000000c0000000, 0x0000000100000000)
  region size 1024K, 35 young (35840K), 0 survivors (0K)
 Metaspace       used 51274K, committed 51648K, reserved 1114112K
  class space    used 6508K, committed 6656K, reserved 1048576K
}
Event: 328.387 GC heap after
{Heap after GC invocations=34 (full 19):
 garbage-first heap   total 86016K, used 36520K [0x00000000c0000000, 0x0000000100000000)
  region size 1024K, 5 young (5120K), 5 survivors (5120K)
 Metaspace       used 51274K, committed 51648K, reserved 1114112K
  class space    used 6508K, committed 6656K, reserved 1048576K
}
Event: 330.147 GC heap before
{Heap before GC invocations=34 (full 19):
 garbage-first heap   total 86016K, used 62120K [0x00000000c0000000, 0x0000000100000000)
  region size 1024K, 31 young (31744K), 5 survivors (5120K)
 Metaspace       used 55293K, committed 55744K, reserved 1114112K
  class space    used 6885K, committed 7104K, reserved 1048576K
}
Event: 330.163 GC heap after
{Heap after GC invocations=35 (full 19):
 garbage-first heap   total 86016K, used 38625K [0x00000000c0000000, 0x0000000100000000)
  region size 1024K, 2 young (2048K), 2 survivors (2048K)
 Metaspace       used 55293K, committed 55744K, reserved 1114112K
  class space    used 6885K, committed 7104K, reserved 1048576K
}
Event: 344.833 GC heap before
{Heap before GC invocations=35 (full 19):
 garbage-first heap   total 86016K, used 57057K [0x00000000c0000000, 0x0000000100000000)
  region size 1024K, 21 young (21504K), 2 survivors (2048K)
 Metaspace       used 57938K, committed 58432K, reserved 1114112K
  class space    used 7196K, committed 7424K, reserved 1048576K
}
Event: 344.843 GC heap after
{Heap after GC invocations=36 (full 19):
 garbage-first heap   total 86016K, used 40673K [0x00000000c0000000, 0x0000000100000000)
  region size 1024K, 3 young (3072K), 3 survivors (3072K)
 Metaspace       used 57938K, committed 58432K, reserved 1114112K
  class space    used 7196K, committed 7424K, reserved 1048576K
}
Event: 385.375 GC heap before
{Heap before GC invocations=37 (full 19):
 garbage-first heap   total 86016K, used 64225K [0x00000000c0000000, 0x0000000100000000)
  region size 1024K, 20 young (20480K), 3 survivors (3072K)
 Metaspace       used 58911K, committed 59328K, reserved 1114112K
  class space    used 7345K, committed 7552K, reserved 1048576K
}
Event: 385.477 GC heap after
{Heap after GC invocations=38 (full 20):
 garbage-first heap   total 86016K, used 38513K [0x00000000c0000000, 0x0000000100000000)
  region size 1024K, 0 young (0K), 0 survivors (0K)
 Metaspace       used 58891K, committed 59328K, reserved 1114112K
  class space    used 7339K, committed 7552K, reserved 1048576K
}
Event: 395.862 GC heap before
{Heap before GC invocations=38 (full 20):
 garbage-first heap   total 86016K, used 38513K [0x00000000c0000000, 0x0000000100000000)
  region size 1024K, 1 young (1024K), 0 survivors (0K)
 Metaspace       used 58891K, committed 59328K, reserved 1114112K
  class space    used 7339K, committed 7552K, reserved 1048576K
}
Event: 395.926 GC heap after
{Heap after GC invocations=39 (full 21):
 garbage-first heap   total 86016K, used 36305K [0x00000000c0000000, 0x0000000100000000)
  region size 1024K, 0 young (0K), 0 survivors (0K)
 Metaspace       used 58831K, committed 59328K, reserved 1114112K
  class space    used 7324K, committed 7552K, reserved 1048576K
}
Event: 406.461 GC heap before
{Heap before GC invocations=39 (full 21):
 garbage-first heap   total 86016K, used 36305K [0x00000000c0000000, 0x0000000100000000)
  region size 1024K, 1 young (1024K), 0 survivors (0K)
 Metaspace       used 58831K, committed 59328K, reserved 1114112K
  class space    used 7324K, committed 7552K, reserved 1048576K
}
Event: 406.520 GC heap after
{Heap after GC invocations=40 (full 22):
 garbage-first heap   total 86016K, used 36301K [0x00000000c0000000, 0x0000000100000000)
  region size 1024K, 0 young (0K), 0 survivors (0K)
 Metaspace       used 58824K, committed 59328K, reserved 1114112K
  class space    used 7322K, committed 7552K, reserved 1048576K
}
Event: 416.880 GC heap before
{Heap before GC invocations=40 (full 22):
 garbage-first heap   total 86016K, used 36301K [0x00000000c0000000, 0x0000000100000000)
  region size 1024K, 1 young (1024K), 0 survivors (0K)
 Metaspace       used 58824K, committed 59328K, reserved 1114112K
  class space    used 7322K, committed 7552K, reserved 1048576K
}
Event: 416.931 GC heap after
{Heap after GC invocations=41 (full 23):
 garbage-first heap   total 86016K, used 36301K [0x00000000c0000000, 0x0000000100000000)
  region size 1024K, 0 young (0K), 0 survivors (0K)
 Metaspace       used 58824K, committed 59328K, reserved 1114112K
  class space    used 7322K, committed 7552K, reserved 1048576K
}
Event: 427.406 GC heap before
{Heap before GC invocations=41 (full 23):
 garbage-first heap   total 86016K, used 36301K [0x00000000c0000000, 0x0000000100000000)
  region size 1024K, 1 young (1024K), 0 survivors (0K)
 Metaspace       used 58824K, committed 59328K, reserved 1114112K
  class space    used 7322K, committed 7552K, reserved 1048576K
}
Event: 427.458 GC heap after
{Heap after GC invocations=42 (full 24):
 garbage-first heap   total 86016K, used 36301K [0x00000000c0000000, 0x0000000100000000)
  region size 1024K, 0 young (0K), 0 survivors (0K)
 Metaspace       used 58824K, committed 59328K, reserved 1114112K
  class space    used 7322K, committed 7552K, reserved 1048576K
}
Event: 437.687 GC heap before
{Heap before GC invocations=42 (full 24):
 garbage-first heap   total 86016K, used 36301K [0x00000000c0000000, 0x0000000100000000)
  region size 1024K, 1 young (1024K), 0 survivors (0K)
 Metaspace       used 58824K, committed 59328K, reserved 1114112K
  class space    used 7322K, committed 7552K, reserved 1048576K
}
Event: 437.736 GC heap after
{Heap after GC invocations=43 (full 25):
 garbage-first heap   total 86016K, used 36301K [0x00000000c0000000, 0x0000000100000000)
  region size 1024K, 0 young (0K), 0 survivors (0K)
 Metaspace       used 58824K, committed 59328K, reserved 1114112K
  class space    used 7322K, committed 7552K, reserved 1048576K
}
Event: 510.245 GC heap before
{Heap before GC invocations=43 (full 25):
 garbage-first heap   total 86016K, used 39373K [0x00000000c0000000, 0x0000000100000000)
  region size 1024K, 4 young (4096K), 0 survivors (0K)
 Metaspace       used 58891K, committed 59392K, reserved 1114112K
  class space    used 7339K, committed 7552K, reserved 1048576K
}
Event: 510.296 GC heap after
{Heap after GC invocations=44 (full 26):
 garbage-first heap   total 86016K, used 36672K [0x00000000c0000000, 0x0000000100000000)
  region size 1024K, 0 young (0K), 0 survivors (0K)
 Metaspace       used 58891K, committed 59392K, reserved 1114112K
  class space    used 7339K, committed 7552K, reserved 1048576K
}

