# JRE version: OpenJDK Runtime Environment (21.0.2+13) (build 21.0.2+13-58)
# Java VM: OpenJDK 64-Bit Server VM (21.0.2+13-58, mixed mode, sharing, tiered, compressed oops, compressed class ptrs, g1 gc, windows-amd64)
GC Precious Log:
 CardTable entry size: 512
 Card Set container configuration: InlinePtr #cards 5 size 8 Array Of Cards #cards 12 size 40 Howl #buckets 4 coarsen threshold 1843 Howl Bitmap #cards 512 size 80 coarsen threshold 460 Card regions per heap region 1 cards per card region 2048
 CPUs: 2 total, 2 available
 Memory: 3920M
 Large Page Support: Disabled
 NUMA Support: Disabled
 Compressed Oops: Enabled (32-bit)
 Heap Region Size: 1M
 Heap Min Capacity: 8M
 Heap Initial Capacity: 62M
 Heap Max Capacity: 980M
 Pre-touch: Disabled
 Parallel Workers: 2
 Concurrent Workers: 1
 Concurrent Refinement Workers: 2
 Periodic GC: Disabled
Heap:
 garbage-first heap   total 50176K, used 36784K [0x00000000c2c00000, 0x0000000100000000)
  region size 1024K, 11 young (11264K), 2 survivors (2048K)
 Metaspace       used 66195K, committed 66816K, reserved 1114112K
  class space    used 8787K, committed 9088K, reserved 1048576K
GC Heap History (20 events):
Event: 11.174 GC heap before
{Heap before GC invocations=8 (full 0):
 garbage-first heap   total 45056K, used 36695K [0x00000000c2c00000, 0x0000000100000000)
  region size 1024K, 23 young (23552K), 3 survivors (3072K)
 Metaspace       used 30693K, committed 31232K, reserved 1114112K
  class space    used 3797K, committed 4032K, reserved 1048576K
}
Event: 11.187 GC heap after
{Heap after GC invocations=9 (full 0):
 garbage-first heap   total 45056K, used 18472K [0x00000000c2c00000, 0x0000000100000000)
  region size 1024K, 3 young (3072K), 3 survivors (3072K)
 Metaspace       used 30693K, committed 31232K, reserved 1114112K
  class space    used 3797K, committed 4032K, reserved 1048576K
}
Event: 13.177 GC heap before
{Heap before GC invocations=9 (full 0):
 garbage-first heap   total 45056K, used 35880K [0x00000000c2c00000, 0x0000000100000000)
  region size 1024K, 21 young (21504K), 3 survivors (3072K)
 Metaspace       used 33962K, committed 34560K, reserved 1114112K
  class space    used 4231K, committed 4480K, reserved 1048576K
}
Event: 13.187 GC heap after
{Heap after GC invocations=10 (full 0):
 garbage-first heap   total 45056K, used 19825K [0x00000000c2c00000, 0x0000000100000000)
  region size 1024K, 2 young (2048K), 2 survivors (2048K)
 Metaspace       used 33962K, committed 34560K, reserved 1114112K
  class space    used 4231K, committed 4480K, reserved 1048576K
}
Event: 13.479 GC heap before
{Heap before GC invocations=10 (full 0):
 garbage-first heap   total 45056K, used 23921K [0x00000000c2c00000, 0x0000000100000000)
  region size 1024K, 7 young (7168K), 2 survivors (2048K)
 Metaspace       used 35389K, committed 35968K, reserved 1114112K
  class space    used 4442K, committed 4736K, reserved 1048576K
}
Event: 13.489 GC heap after
{Heap after GC invocations=11 (full 0):
 garbage-first heap   total 45056K, used 19681K [0x00000000c2c00000, 0x0000000100000000)
  region size 1024K, 2 young (2048K), 2 survivors (2048K)
 Metaspace       used 35389K, committed 35968K, reserved 1114112K
  class space    used 4442K, committed 4736K, reserved 1048576K
}
Event: 14.698 GC heap before
{Heap before GC invocations=12 (full 0):
 garbage-first heap   total 45056K, used 38113K [0x00000000c2c00000, 0x0000000100000000)
  region size 1024K, 21 young (21504K), 2 survivors (2048K)
 Metaspace       used 40981K, committed 41536K, reserved 1114112K
  class space    used 5281K, committed 5504K, reserved 1048576K
}
Event: 14.707 GC heap after
{Heap after GC invocations=13 (full 0):
 garbage-first heap   total 45056K, used 21465K [0x00000000c2c00000, 0x0000000100000000)
  region size 1024K, 3 young (3072K), 3 survivors (3072K)
 Metaspace       used 40981K, committed 41536K, reserved 1114112K
  class space    used 5281K, committed 5504K, reserved 1048576K
}
Event: 16.558 GC heap before
{Heap before GC invocations=13 (full 0):
 garbage-first heap   total 45056K, used 37849K [0x00000000c2c00000, 0x0000000100000000)
  region size 1024K, 20 young (20480K), 3 survivors (3072K)
 Metaspace       used 48852K, committed 49408K, reserved 1114112K
  class space    used 6239K, committed 6464K, reserved 1048576K
}
Event: 16.571 GC heap after
{Heap after GC invocations=14 (full 0):
 garbage-first heap   total 45056K, used 22824K [0x00000000c2c00000, 0x0000000100000000)
  region size 1024K, 3 young (3072K), 3 survivors (3072K)
 Metaspace       used 48852K, committed 49408K, reserved 1114112K
  class space    used 6239K, committed 6464K, reserved 1048576K
}
Event: 17.372 GC heap before
{Heap before GC invocations=14 (full 0):
 garbage-first heap   total 45056K, used 37160K [0x00000000c2c00000, 0x0000000100000000)
  region size 1024K, 18 young (18432K), 3 survivors (3072K)
 Metaspace       used 53138K, committed 53760K, reserved 1114112K
  class space    used 6724K, committed 6976K, reserved 1048576K
}
Event: 17.382 GC heap after
{Heap after GC invocations=15 (full 0):
 garbage-first heap   total 45056K, used 24290K [0x00000000c2c00000, 0x0000000100000000)
  region size 1024K, 1 young (1024K), 1 survivors (1024K)
 Metaspace       used 53138K, committed 53760K, reserved 1114112K
  class space    used 6724K, committed 6976K, reserved 1048576K
}
Event: 18.218 GC heap before
{Heap before GC invocations=16 (full 0):
 garbage-first heap   total 45056K, used 39650K [0x00000000c2c00000, 0x0000000100000000)
  region size 1024K, 16 young (16384K), 1 survivors (1024K)
 Metaspace       used 58095K, committed 58688K, reserved 1114112K
  class space    used 7665K, committed 7936K, reserved 1048576K
}
Event: 18.223 GC heap after
{Heap after GC invocations=17 (full 0):
 garbage-first heap   total 45056K, used 24683K [0x00000000c2c00000, 0x0000000100000000)
  region size 1024K, 2 young (2048K), 2 survivors (2048K)
 Metaspace       used 58095K, committed 58688K, reserved 1114112K
  class space    used 7665K, committed 7936K, reserved 1048576K
}
Event: 18.913 GC heap before
{Heap before GC invocations=17 (full 0):
 garbage-first heap   total 45056K, used 39019K [0x00000000c2c00000, 0x0000000100000000)
  region size 1024K, 16 young (16384K), 2 survivors (2048K)
 Metaspace       used 61461K, committed 62016K, reserved 1114112K
  class space    used 8091K, committed 8320K, reserved 1048576K
}
Event: 18.925 GC heap after
{Heap after GC invocations=18 (full 0):
 garbage-first heap   total 45056K, used 25929K [0x00000000c2c00000, 0x0000000100000000)
  region size 1024K, 2 young (2048K), 2 survivors (2048K)
 Metaspace       used 61461K, committed 62016K, reserved 1114112K
  class space    used 8091K, committed 8320K, reserved 1048576K
}
Event: 20.111 GC heap before
{Heap before GC invocations=18 (full 0):
 garbage-first heap   total 45056K, used 39241K [0x00000000c2c00000, 0x0000000100000000)
  region size 1024K, 15 young (15360K), 2 survivors (2048K)
 Metaspace       used 63914K, committed 64512K, reserved 1114112K
  class space    used 8440K, committed 8704K, reserved 1048576K
}
Event: 20.133 GC heap after
{Heap after GC invocations=19 (full 0):
 garbage-first heap   total 45056K, used 27564K [0x00000000c2c00000, 0x0000000100000000)
  region size 1024K, 2 young (2048K), 2 survivors (2048K)
 Metaspace       used 63914K, committed 64512K, reserved 1114112K
  class space    used 8440K, committed 8704K, reserved 1048576K
}
Event: 21.642 GC heap before
{Heap before GC invocations=20 (full 0):
 garbage-first heap   total 50176K, used 38828K [0x00000000c2c00000, 0x0000000100000000)
  region size 1024K, 13 young (13312K), 2 survivors (2048K)
 Metaspace       used 65084K, committed 65728K, reserved 1114112K
  class space    used 8630K, committed 8896K, reserved 1048576K
}
Event: 21.652 GC heap after
{Heap after GC invocations=21 (full 0):
 garbage-first heap   total 50176K, used 28592K [0x00000000c2c00000, 0x0000000100000000)
  region size 1024K, 2 young (2048K), 2 survivors (2048K)
 Metaspace       used 65084K, committed 65728K, reserved 1114112K
  class space    used 8630K, committed 8896K, reserved 1048576K
}

